<?xml version="1.0" encoding="UTF-8"?>
<!-- Generated by org.testng.reporters.JUnitReportReporter -->
<testsuite skipped="0" hostname="KV-F3BP542" name="TestNG.NewTest2" tests="2" failures="0" timestamp="14 Jan 2019 10:07:50 GMT" time="0.053" errors="0">
  <testcase name="verifytitle" time="0.032" classname="TestNG.NewTest2"/>
  <testcase name="verifyurl" time="0.021" classname="TestNG.NewTest2"/>
</testsuite> <!-- TestNG.NewTest2 -->
