<?xml version="1.0" encoding="UTF-8"?>
<!-- Generated by org.testng.reporters.JUnitReportReporter -->
<testsuite skipped="0" hostname="KV-F3BP542" name="TestNG.NewTest1" tests="2" failures="0" timestamp="14 Jan 2019 09:59:32 GMT" time="52.546" errors="0">
  <testcase name="verifytitle" time="28.056" classname="TestNG.NewTest1"/>
  <testcase name="verifyurl" time="24.490" classname="TestNG.NewTest1"/>
</testsuite> <!-- TestNG.NewTest1 -->
